# JRE version: Java(TM) SE Runtime Environment (8.0_401) (build 1.8.0_401-b10)
# Java VM: Java HotSpot(TM) 64-Bit Server VM (25.401-b10 mixed mode windows-amd64 compressed oops)
Heap:
 PSYoungGen      total 3584K, used 1352K [0x000000076bb80000, 0x000000076bf80000, 0x00000007c0000000)
  eden space 3072K, 27% used [0x000000076bb80000,0x000000076bc564e8,0x000000076be80000)
  from space 512K, 96% used [0x000000076be80000,0x000000076befbc20,0x000000076bf00000)
  to   space 512K, 0% used [0x000000076bf00000,0x000000076bf00000,0x000000076bf80000)
 ParOldGen       total 5632K, used 704K [0x00000006c3200000, 0x00000006c3780000, 0x000000076bb80000)
  object space 5632K, 12% used [0x00000006c3200000,0x00000006c32b0030,0x00000006c3780000)
 Metaspace       used 5351K, capacity 6540K, committed 6656K, reserved 1056768K
  class space    used 674K, capacity 712K, committed 768K, reserved 1048576K
GC Heap History (6 events):
Event: 0.086 GC heap before
{Heap before GC invocations=1 (full 0):
 PSYoungGen      total 2048K, used 1510K [0x000000076bb80000, 0x000000076be00000, 0x00000007c0000000)
  eden space 1536K, 98% used [0x000000076bb80000,0x000000076bcf99f0,0x000000076bd00000)
  from space 512K, 0% used [0x000000076bd80000,0x000000076bd80000,0x000000076be00000)
  to   space 512K, 0% used [0x000000076bd00000,0x000000076bd00000,0x000000076bd80000)
 ParOldGen       total 5632K, used 0K [0x00000006c3200000, 0x00000006c3780000, 0x000000076bb80000)
  object space 5632K, 0% used [0x00000006c3200000,0x00000006c3200000,0x00000006c3780000)
 Metaspace       used 3355K, capacity 4812K, committed 5120K, reserved 1056768K
  class space    used 389K, capacity 456K, committed 512K, reserved 1048576K
Event: 0.088 GC heap after
Heap after GC invocations=1 (full 0):
 PSYoungGen      total 2048K, used 496K [0x000000076bb80000, 0x000000076bf80000, 0x00000007c0000000)
  eden space 1536K, 0% used [0x000000076bb80000,0x000000076bb80000,0x000000076bd00000)
  from space 512K, 96% used [0x000000076bd00000,0x000000076bd7c010,0x000000076bd80000)
  to   space 512K, 0% used [0x000000076bf00000,0x000000076bf00000,0x000000076bf80000)
 ParOldGen       total 5632K, used 48K [0x00000006c3200000, 0x00000006c3780000, 0x000000076bb80000)
  object space 5632K, 0% used [0x00000006c3200000,0x00000006c320c010,0x00000006c3780000)
 Metaspace       used 3355K, capacity 4812K, committed 5120K, reserved 1056768K
  class space    used 389K, capacity 456K, committed 512K, reserved 1048576K
}
Event: 0.115 GC heap before
{Heap before GC invocations=2 (full 0):
 PSYoungGen      total 2048K, used 1986K [0x000000076bb80000, 0x000000076bf80000, 0x00000007c0000000)
  eden space 1536K, 97% used [0x000000076bb80000,0x000000076bcf49b8,0x000000076bd00000)
  from space 512K, 96% used [0x000000076bd00000,0x000000076bd7c010,0x000000076bd80000)
  to   space 512K, 0% used [0x000000076bf00000,0x000000076bf00000,0x000000076bf80000)
 ParOldGen       total 5632K, used 48K [0x00000006c3200000, 0x00000006c3780000, 0x000000076bb80000)
  object space 5632K, 0% used [0x00000006c3200000,0x00000006c320c010,0x00000006c3780000)
 Metaspace       used 4124K, capacity 5388K, committed 5760K, reserved 1056768K
  class space    used 488K, capacity 520K, committed 640K, reserved 1048576K
Event: 0.117 GC heap after
Heap after GC invocations=2 (full 0):
 PSYoungGen      total 3584K, used 480K [0x000000076bb80000, 0x000000076bf80000, 0x00000007c0000000)
  eden space 3072K, 0% used [0x000000076bb80000,0x000000076bb80000,0x000000076be80000)
  from space 512K, 93% used [0x000000076bf00000,0x000000076bf78020,0x000000076bf80000)
  to   space 512K, 0% used [0x000000076be80000,0x000000076be80000,0x000000076bf00000)
 ParOldGen       total 5632K, used 120K [0x00000006c3200000, 0x00000006c3780000, 0x000000076bb80000)
  object space 5632K, 2% used [0x00000006c3200000,0x00000006c321e010,0x00000006c3780000)
 Metaspace       used 4124K, capacity 5388K, committed 5760K, reserved 1056768K
  class space    used 488K, capacity 520K, committed 640K, reserved 1048576K
}
Event: 0.165 GC heap before
{Heap before GC invocations=3 (full 0):
 PSYoungGen      total 3584K, used 3489K [0x000000076bb80000, 0x000000076bf80000, 0x00000007c0000000)
  eden space 3072K, 97% used [0x000000076bb80000,0x000000076be70748,0x000000076be80000)
  from space 512K, 93% used [0x000000076bf00000,0x000000076bf78020,0x000000076bf80000)
  to   space 512K, 0% used [0x000000076be80000,0x000000076be80000,0x000000076bf00000)
 ParOldGen       total 5632K, used 120K [0x00000006c3200000, 0x00000006c3780000, 0x000000076bb80000)
  object space 5632K, 2% used [0x00000006c3200000,0x00000006c321e010,0x00000006c3780000)
 Metaspace       used 5044K, capacity 6220K, committed 6400K, reserved 1056768K
  class space    used 621K, capacity 648K, committed 768K, reserved 1048576K
Event: 0.165 GC heap after
Heap after GC invocations=3 (full 0):
 PSYoungGen      total 3584K, used 495K [0x000000076bb80000, 0x000000076bf80000, 0x00000007c0000000)
  eden space 3072K, 0% used [0x000000076bb80000,0x000000076bb80000,0x000000076be80000)
  from space 512K, 96% used [0x000000076be80000,0x000000076befbc20,0x000000076bf00000)
  to   space 512K, 0% used [0x000000076bf00000,0x000000076bf00000,0x000000076bf80000)
 ParOldGen       total 5632K, used 704K [0x00000006c3200000, 0x00000006c3780000, 0x000000076bb80000)
  object space 5632K, 12% used [0x00000006c3200000,0x00000006c32b0030,0x00000006c3780000)
 Metaspace       used 5044K, capacity 6220K, committed 6400K, reserved 1056768K
  class space    used 621K, capacity 648K, committed 768K, reserved 1048576K
}

