# JRE version: Java(TM) SE Runtime Environment (8.0_401) (build 1.8.0_401-b10)
# Java VM: Java HotSpot(TM) 64-Bit Server VM (25.401-b10 mixed mode windows-amd64 compressed oops)
Heap:
 PSYoungGen      total 6656K, used 6019K [0x000000076bb80000, 0x000000076c280000, 0x00000007c0000000)
  eden space 6144K, 97% used [0x000000076bb80000,0x000000076c160d58,0x000000076c180000)
  from space 512K, 0% used [0x000000076c200000,0x000000076c200000,0x000000076c280000)
  to   space 512K, 0% used [0x000000076c180000,0x000000076c180000,0x000000076c200000)
 ParOldGen       total 10752K, used 6422K [0x00000006c3200000, 0x00000006c3c80000, 0x000000076bb80000)
  object space 10752K, 59% used [0x00000006c3200000,0x00000006c3845810,0x00000006c3c80000)
 Metaspace       used 7681K, capacity 8436K, committed 8704K, reserved 1056768K
  class space    used 915K, capacity 944K, committed 1024K, reserved 1048576K
GC Heap History (10 events):
Event: 0.204 GC heap before
{Heap before GC invocations=4 (full 0):
 PSYoungGen      total 3584K, used 3574K [0x000000076bb80000, 0x000000076c280000, 0x00000007c0000000)
  eden space 3072K, 99% used [0x000000076bb80000,0x000000076be7df80,0x000000076be80000)
  from space 512K, 99% used [0x000000076be80000,0x000000076beffc30,0x000000076bf00000)
  to   space 512K, 0% used [0x000000076c200000,0x000000076c200000,0x000000076c280000)
 ParOldGen       total 5632K, used 656K [0x00000006c3200000, 0x00000006c3780000, 0x000000076bb80000)
  object space 5632K, 11% used [0x00000006c3200000,0x00000006c32a4020,0x00000006c3780000)
 Metaspace       used 6163K, capacity 7276K, committed 7552K, reserved 1056768K
  class space    used 772K, capacity 808K, committed 896K, reserved 1048576K
Event: 0.205 GC heap after
Heap after GC invocations=4 (full 0):
 PSYoungGen      total 6656K, used 480K [0x000000076bb80000, 0x000000076c280000, 0x00000007c0000000)
  eden space 6144K, 0% used [0x000000076bb80000,0x000000076bb80000,0x000000076c180000)
  from space 512K, 93% used [0x000000076c200000,0x000000076c278020,0x000000076c280000)
  to   space 512K, 0% used [0x000000076c180000,0x000000076c180000,0x000000076c200000)
 ParOldGen       total 5632K, used 976K [0x00000006c3200000, 0x00000006c3780000, 0x000000076bb80000)
  object space 5632K, 17% used [0x00000006c3200000,0x00000006c32f4040,0x00000006c3780000)
 Metaspace       used 6163K, capacity 7276K, committed 7552K, reserved 1056768K
  class space    used 772K, capacity 808K, committed 896K, reserved 1048576K
}
Event: 0.284 GC heap before
{Heap before GC invocations=5 (full 0):
 PSYoungGen      total 6656K, used 6624K [0x000000076bb80000, 0x000000076c280000, 0x00000007c0000000)
  eden space 6144K, 100% used [0x000000076bb80000,0x000000076c180000,0x000000076c180000)
  from space 512K, 93% used [0x000000076c200000,0x000000076c278020,0x000000076c280000)
  to   space 512K, 0% used [0x000000076c180000,0x000000076c180000,0x000000076c200000)
 ParOldGen       total 5632K, used 976K [0x00000006c3200000, 0x00000006c3780000, 0x000000076bb80000)
  object space 5632K, 17% used [0x00000006c3200000,0x00000006c32f4040,0x00000006c3780000)
 Metaspace       used 7454K, capacity 8244K, committed 8448K, reserved 1056768K
  class space    used 904K, capacity 944K, committed 1024K, reserved 1048576K
Event: 0.286 GC heap after
Heap after GC invocations=5 (full 0):
 PSYoungGen      total 6656K, used 493K [0x000000076bb80000, 0x000000076c280000, 0x00000007c0000000)
  eden space 6144K, 0% used [0x000000076bb80000,0x000000076bb80000,0x000000076c180000)
  from space 512K, 96% used [0x000000076c180000,0x000000076c1fb560,0x000000076c200000)
  to   space 512K, 0% used [0x000000076c200000,0x000000076c200000,0x000000076c280000)
 ParOldGen       total 5632K, used 4307K [0x00000006c3200000, 0x00000006c3780000, 0x000000076bb80000)
  object space 5632K, 76% used [0x00000006c3200000,0x00000006c3634ea0,0x00000006c3780000)
 Metaspace       used 7454K, capacity 8244K, committed 8448K, reserved 1056768K
  class space    used 904K, capacity 944K, committed 1024K, reserved 1048576K
}
Event: 0.286 GC heap before
{Heap before GC invocations=6 (full 1):
 PSYoungGen      total 6656K, used 493K [0x000000076bb80000, 0x000000076c280000, 0x00000007c0000000)
  eden space 6144K, 0% used [0x000000076bb80000,0x000000076bb80000,0x000000076c180000)
  from space 512K, 96% used [0x000000076c180000,0x000000076c1fb560,0x000000076c200000)
  to   space 512K, 0% used [0x000000076c200000,0x000000076c200000,0x000000076c280000)
 ParOldGen       total 5632K, used 4307K [0x00000006c3200000, 0x00000006c3780000, 0x000000076bb80000)
  object space 5632K, 76% used [0x00000006c3200000,0x00000006c3634ea0,0x00000006c3780000)
 Metaspace       used 7454K, capacity 8244K, committed 8448K, reserved 1056768K
  class space    used 904K, capacity 944K, committed 1024K, reserved 1048576K
Event: 0.311 GC heap after
Heap after GC invocations=6 (full 1):
 PSYoungGen      total 6656K, used 0K [0x000000076bb80000, 0x000000076c280000, 0x00000007c0000000)
  eden space 6144K, 0% used [0x000000076bb80000,0x000000076bb80000,0x000000076c180000)
  from space 512K, 0% used [0x000000076c180000,0x000000076c180000,0x000000076c200000)
  to   space 512K, 0% used [0x000000076c200000,0x000000076c200000,0x000000076c280000)
 ParOldGen       total 10752K, used 4608K [0x00000006c3200000, 0x00000006c3c80000, 0x000000076bb80000)
  object space 10752K, 42% used [0x00000006c3200000,0x00000006c3680100,0x00000006c3c80000)
 Metaspace       used 7454K, capacity 8244K, committed 8448K, reserved 1056768K
  class space    used 904K, capacity 944K, committed 1024K, reserved 1048576K
}
Event: 0.344 GC heap before
{Heap before GC invocations=7 (full 1):
 PSYoungGen      total 6656K, used 6144K [0x000000076bb80000, 0x000000076c280000, 0x00000007c0000000)
  eden space 6144K, 100% used [0x000000076bb80000,0x000000076c180000,0x000000076c180000)
  from space 512K, 0% used [0x000000076c180000,0x000000076c180000,0x000000076c200000)
  to   space 512K, 0% used [0x000000076c200000,0x000000076c200000,0x000000076c280000)
 ParOldGen       total 10752K, used 4608K [0x00000006c3200000, 0x00000006c3c80000, 0x000000076bb80000)
  object space 10752K, 42% used [0x00000006c3200000,0x00000006c3680100,0x00000006c3c80000)
 Metaspace       used 7512K, capacity 8308K, committed 8448K, reserved 1056768K
  class space    used 908K, capacity 944K, committed 1024K, reserved 1048576K
Event: 0.346 GC heap after
Heap after GC invocations=7 (full 1):
 PSYoungGen      total 6656K, used 498K [0x000000076bb80000, 0x000000076c280000, 0x00000007c0000000)
  eden space 6144K, 0% used [0x000000076bb80000,0x000000076bb80000,0x000000076c180000)
  from space 512K, 97% used [0x000000076c200000,0x000000076c27c970,0x000000076c280000)
  to   space 512K, 0% used [0x000000076c180000,0x000000076c180000,0x000000076c200000)
 ParOldGen       total 10752K, used 7932K [0x00000006c3200000, 0x00000006c3c80000, 0x000000076bb80000)
  object space 10752K, 73% used [0x00000006c3200000,0x00000006c39bf040,0x00000006c3c80000)
 Metaspace       used 7512K, capacity 8308K, committed 8448K, reserved 1056768K
  class space    used 908K, capacity 944K, committed 1024K, reserved 1048576K
}
Event: 0.346 GC heap before
{Heap before GC invocations=8 (full 2):
 PSYoungGen      total 6656K, used 498K [0x000000076bb80000, 0x000000076c280000, 0x00000007c0000000)
  eden space 6144K, 0% used [0x000000076bb80000,0x000000076bb80000,0x000000076c180000)
  from space 512K, 97% used [0x000000076c200000,0x000000076c27c970,0x000000076c280000)
  to   space 512K, 0% used [0x000000076c180000,0x000000076c180000,0x000000076c200000)
 ParOldGen       total 10752K, used 7932K [0x00000006c3200000, 0x00000006c3c80000, 0x000000076bb80000)
  object space 10752K, 73% used [0x00000006c3200000,0x00000006c39bf040,0x00000006c3c80000)
 Metaspace       used 7512K, capacity 8308K, committed 8448K, reserved 1056768K
  class space    used 908K, capacity 944K, committed 1024K, reserved 1048576K
Event: 0.360 GC heap after
Heap after GC invocations=8 (full 2):
 PSYoungGen      total 6656K, used 0K [0x000000076bb80000, 0x000000076c280000, 0x00000007c0000000)
  eden space 6144K, 0% used [0x000000076bb80000,0x000000076bb80000,0x000000076c180000)
  from space 512K, 0% used [0x000000076c200000,0x000000076c200000,0x000000076c280000)
  to   space 512K, 0% used [0x000000076c180000,0x000000076c180000,0x000000076c200000)
 ParOldGen       total 10752K, used 6422K [0x00000006c3200000, 0x00000006c3c80000, 0x000000076bb80000)
  object space 10752K, 59% used [0x00000006c3200000,0x00000006c3845810,0x00000006c3c80000)
 Metaspace       used 7512K, capacity 8308K, committed 8448K, reserved 1056768K
  class space    used 908K, capacity 944K, committed 1024K, reserved 1048576K
}

